C:\USERS\Ден\DOCUMENTS\VISUAL STUDIO 2012\PROJECTS\ENGINE\ENGINE\X64\DEBUG\INTERFACE.OBJ
C:\USERS\ДЕН\DOCUMENTS\VISUAL STUDIO 2012\PROJECTS\ENGINE\ENGINE\X64\DEBUG\VC110.PDB
C:\USERS\Ден\DOCUMENTS\VISUAL STUDIO 2012\PROJECTS\ENGINE\ENGINE\X64\DEBUG\.NETFRAMEWORK,VERSION=V4.5.ASSEMBLYATTRIBUTES.OBJ
C:\Users\Ден\Documents\Visual Studio 2012\Projects\Engine\Engine\x64\Debug\Engine.Interface.resources
C:\USERS\Ден\DOCUMENTS\VISUAL STUDIO 2012\PROJECTS\ENGINE\X64\DEBUG\ENGINE.ILK
C:\USERS\Ден\DOCUMENTS\VISUAL STUDIO 2012\PROJECTS\ENGINE\X64\DEBUG\ENGINE.EXE
C:\USERS\ДЕН\DOCUMENTS\VISUAL STUDIO 2012\PROJECTS\ENGINE\X64\DEBUG\ENGINE.PDB
C:\Users\Ден\Documents\Visual Studio 2012\Projects\Engine\Engine\x64\Debug\Engine.vcxproj.GenerateResource.Cache
C:\Users\Ден\Documents\Visual Studio 2012\Projects\Engine\Engine\x64\Debug\Engine.vcxprojResolveAssemblyReference.cache
C:\Users\Ден\Documents\Visual Studio 2012\Projects\Engine\Engine\x64\Debug\.NETFramework,Version=v4.5.AssemblyAttributes.obj
C:\Users\Ден\Documents\Visual Studio 2012\Projects\Engine\Engine\x64\Debug\Interface.obj
C:\Users\Ден\Documents\Visual Studio 2012\Projects\Engine\Engine\x64\Debug\cl.command.1.tlog
C:\Users\Ден\Documents\Visual Studio 2012\Projects\Engine\Engine\x64\Debug\CL.read.1.tlog
C:\Users\Ден\Documents\Visual Studio 2012\Projects\Engine\Engine\x64\Debug\CL.write.1.tlog
C:\Users\Ден\Documents\Visual Studio 2012\Projects\Engine\Engine\x64\Debug\Engine.write.1.tlog
C:\Users\Ден\Documents\Visual Studio 2012\Projects\Engine\Engine\x64\Debug\link.260-cvtres.read.1.tlog
C:\Users\Ден\Documents\Visual Studio 2012\Projects\Engine\Engine\x64\Debug\link.260-cvtres.write.1.tlog
C:\Users\Ден\Documents\Visual Studio 2012\Projects\Engine\Engine\x64\Debug\link.260-rc.read.1.tlog
C:\Users\Ден\Documents\Visual Studio 2012\Projects\Engine\Engine\x64\Debug\link.260-rc.write.1.tlog
C:\Users\Ден\Documents\Visual Studio 2012\Projects\Engine\Engine\x64\Debug\link.260.read.1.tlog
C:\Users\Ден\Documents\Visual Studio 2012\Projects\Engine\Engine\x64\Debug\link.260.write.1.tlog
C:\Users\Ден\Documents\Visual Studio 2012\Projects\Engine\Engine\x64\Debug\link.command.1.tlog
C:\Users\Ден\Documents\Visual Studio 2012\Projects\Engine\Engine\x64\Debug\link.read.1.tlog
C:\Users\Ден\Documents\Visual Studio 2012\Projects\Engine\Engine\x64\Debug\link.write.1.tlog
C:\Users\Ден\Documents\Visual Studio 2012\Projects\Engine\Engine\x64\Debug\metagen.read.1.tlog
C:\Users\Ден\Documents\Visual Studio 2012\Projects\Engine\Engine\x64\Debug\metagen.write.1.tlog
C:\Users\Ден\Documents\Visual Studio 2012\Projects\Engine\Engine\x64\Debug\vc110.pdb
C:\Users\Ден\Documents\Visual Studio 2012\Projects\Engine\Engine\x64\Debug\RSAENH.DLL.bi
C:\Users\Ден\Documents\Visual Studio 2012\Projects\Engine\Engine\x64\Debug\TZRES.DLL.bi
C:\Users\Ден\Documents\Visual Studio 2012\Projects\Engine\x64\Debug\Engine.pdb
C:\Users\Ден\Documents\Visual Studio 2012\Projects\Engine\x64\Debug\Engine.exe
C:\Users\Ден\Documents\Visual Studio 2012\Projects\Engine\x64\Debug\Engine.ilk
