C:\USERS\Ден\DOCUMENTS\VISUAL STUDIO 2012\PROJECTS\ENGINE\ENGINE\DEBUG\INTERFACE.OBJ
C:\USERS\ДЕН\DOCUMENTS\VISUAL STUDIO 2012\PROJECTS\ENGINE\ENGINE\DEBUG\VC110.PDB
C:\USERS\Ден\DOCUMENTS\VISUAL STUDIO 2012\PROJECTS\ENGINE\ENGINE\DEBUG\.NETFRAMEWORK,VERSION=V4.5.ASSEMBLYATTRIBUTES.OBJ
C:\Users\Ден\Documents\Visual Studio 2012\Projects\Engine\Engine\Debug\Engine.Interface.resources
C:\USERS\Ден\DOCUMENTS\VISUAL STUDIO 2012\PROJECTS\ENGINE\DEBUG\ENGINE.ILK
C:\USERS\Ден\DOCUMENTS\VISUAL STUDIO 2012\PROJECTS\ENGINE\DEBUG\ENGINE.EXE
C:\USERS\ДЕН\DOCUMENTS\VISUAL STUDIO 2012\PROJECTS\ENGINE\DEBUG\ENGINE.PDB
C:\Users\Ден\Documents\Visual Studio 2012\Projects\Engine\Engine\Debug\Engine.vcxproj.GenerateResource.Cache
C:\Users\Ден\Documents\Visual Studio 2012\Projects\Engine\Engine\Debug\.NETFramework,Version=v4.5.AssemblyAttributes.obj
C:\Users\Ден\Documents\Visual Studio 2012\Projects\Engine\Engine\Debug\Interface.obj
C:\Users\Ден\Documents\Visual Studio 2012\Projects\Engine\Engine\Debug\cl.command.1.tlog
C:\Users\Ден\Documents\Visual Studio 2012\Projects\Engine\Engine\Debug\CL.read.1.tlog
C:\Users\Ден\Documents\Visual Studio 2012\Projects\Engine\Engine\Debug\CL.write.1.tlog
C:\Users\Ден\Documents\Visual Studio 2012\Projects\Engine\Engine\Debug\Engine.write.1.tlog
C:\Users\Ден\Documents\Visual Studio 2012\Projects\Engine\Engine\Debug\link.6344-cvtres.read.1.tlog
C:\Users\Ден\Documents\Visual Studio 2012\Projects\Engine\Engine\Debug\link.6344-cvtres.write.1.tlog
C:\Users\Ден\Documents\Visual Studio 2012\Projects\Engine\Engine\Debug\link.6344-rc.read.1.tlog
C:\Users\Ден\Documents\Visual Studio 2012\Projects\Engine\Engine\Debug\link.6344-rc.write.1.tlog
C:\Users\Ден\Documents\Visual Studio 2012\Projects\Engine\Engine\Debug\link.6344.read.1.tlog
C:\Users\Ден\Documents\Visual Studio 2012\Projects\Engine\Engine\Debug\link.6344.write.1.tlog
C:\Users\Ден\Documents\Visual Studio 2012\Projects\Engine\Engine\Debug\link.command.1.tlog
C:\Users\Ден\Documents\Visual Studio 2012\Projects\Engine\Engine\Debug\link.read.1.tlog
C:\Users\Ден\Documents\Visual Studio 2012\Projects\Engine\Engine\Debug\link.write.1.tlog
C:\Users\Ден\Documents\Visual Studio 2012\Projects\Engine\Engine\Debug\metagen.read.1.tlog
C:\Users\Ден\Documents\Visual Studio 2012\Projects\Engine\Engine\Debug\metagen.write.1.tlog
C:\Users\Ден\Documents\Visual Studio 2012\Projects\Engine\Engine\Debug\vc110.pdb
C:\Users\Ден\Documents\Visual Studio 2012\Projects\Engine\Engine\Debug\RSAENH.DLL.bi
C:\Users\Ден\Documents\Visual Studio 2012\Projects\Engine\Engine\Debug\TZRES.DLL.bi
C:\Users\Ден\Documents\Visual Studio 2012\Projects\Engine\Debug\Engine.pdb
C:\Users\Ден\Documents\Visual Studio 2012\Projects\Engine\Debug\Engine.exe
C:\Users\Ден\Documents\Visual Studio 2012\Projects\Engine\Debug\Engine.ilk
